<?xml version="1.0" encoding="UTF-8"?>
<!-- Generated by org.testng.reporters.JUnitReportReporter -->
<testsuite hostname="ng_desktop" failures="0" tests="1" name="testCases.TC001AccountRegistrationTest" time="2.688" errors="0" timestamp="2023-06-23T22:18:49 EDT" skipped="0">
  <testcase classname="testCases.TC001AccountRegistrationTest" name="accountRegistrationTest" time="2.688"/>
  <system-out/>
</testsuite> <!-- testCases.TC001AccountRegistrationTest -->
