<?xml version="1.0" encoding="UTF-8"?>
<!-- Generated by org.testng.reporters.JUnitReportReporter -->
<testsuite hostname="ng_desktop" failures="0" tests="2" name="testCases.TC001AccountRegistrationTest" time="5.517" errors="0" timestamp="2023-06-24T09:11:47 EDT" skipped="0">
  <testcase classname="testCases.TC001AccountRegistrationTest" name="accountRegistrationTest" time="2.638"/>
  <system-out/>
  <testcase classname="testCases.TC001AccountRegistrationTest" name="accountRegistrationTest" time="2.879"/>
  <system-out/>
</testsuite> <!-- testCases.TC001AccountRegistrationTest -->
