<?xml version="1.0" encoding="UTF-8"?>
<!-- Generated by org.testng.reporters.JUnitReportReporter -->
<testsuite hostname="ng_desktop" failures="0" tests="1" name="testCases.TC001AccountRegistrationTest" time="3.219" errors="0" timestamp="2023-06-22T23:39:22 EDT" skipped="0">
  <testcase classname="testCases.TC001AccountRegistrationTest" name="accountRegistrationTest" time="3.219"/>
  <system-out/>
</testsuite> <!-- testCases.TC001AccountRegistrationTest -->
