<?xml version="1.0" encoding="UTF-8"?>
<!-- Generated by org.testng.reporters.JUnitReportReporter -->
<testsuite hostname="ng_desktop" failures="0" tests="4" name="testCases.TC003LoginTest_DDT" time="21.809" errors="0" timestamp="2023-06-26T12:58:56 EDT" skipped="0">
  <testcase classname="testCases.TC003LoginTest_DDT" name="test_loginDDT" time="10.273"/>
  <system-out/>
  <testcase classname="testCases.TC003LoginTest_DDT" name="test_loginDDT" time="0.558"/>
  <system-out/>
  <testcase classname="testCases.TC003LoginTest_DDT" name="test_loginDDT" time="0.554"/>
  <system-out/>
  <testcase classname="testCases.TC003LoginTest_DDT" name="test_loginDDT" time="10.424"/>
  <system-out/>
</testsuite> <!-- testCases.TC003LoginTest_DDT -->
