<?xml version="1.0" encoding="UTF-8"?>
<!-- Generated by org.testng.reporters.JUnitReportReporter -->
<testsuite hostname="ng_desktop" failures="0" tests="4" name="testCases.TC003LoginTest_DDT" time="21.846" errors="0" timestamp="2023-06-26T00:18:42 EDT" skipped="0">
  <testcase classname="testCases.TC003LoginTest_DDT" name="test_loginDDT" time="0.563"/>
  <system-out/>
  <testcase classname="testCases.TC003LoginTest_DDT" name="test_loginDDT" time="10.373"/>
  <system-out/>
  <testcase classname="testCases.TC003LoginTest_DDT" name="test_loginDDT" time="10.376"/>
  <system-out/>
  <testcase classname="testCases.TC003LoginTest_DDT" name="test_loginDDT" time="0.534"/>
  <system-out/>
</testsuite> <!-- testCases.TC003LoginTest_DDT -->
