<?xml version="1.0" encoding="UTF-8"?>
<!-- Generated by org.testng.reporters.JUnitReportReporter -->
<testsuite hostname="ng_desktop" failures="0" tests="4" name="testCases.TC003LoginTest_DDT" time="22.066" errors="0" timestamp="2023-06-27T01:16:00 EDT" skipped="0">
  <testcase classname="testCases.TC003LoginTest_DDT" name="test_loginDDT" time="0.753"/>
  <system-out/>
  <testcase classname="testCases.TC003LoginTest_DDT" name="test_loginDDT" time="10.331"/>
  <system-out/>
  <testcase classname="testCases.TC003LoginTest_DDT" name="test_loginDDT" time="10.382"/>
  <system-out/>
  <testcase classname="testCases.TC003LoginTest_DDT" name="test_loginDDT" time="0.600"/>
  <system-out/>
</testsuite> <!-- testCases.TC003LoginTest_DDT -->
